Tue Dec 13 23:50:38 CST 2016
MaxEnt version 3.3.3k
Checking header of /Users/matteo/Documents/TempDisk/FloodTevereMaxEnt/layers/tev_acc500m.asc
Checking header of /Users/matteo/Documents/TempDisk/FloodTevereMaxEnt/layers/tev_dem500m.asc
Checking header of /Users/matteo/Documents/TempDisk/FloodTevereMaxEnt/layers/tev_dir500m.asc
Checking header of /Users/matteo/Documents/TempDisk/FloodTevereMaxEnt/layers/tev_landuse500m1.asc
Checking header of /Users/matteo/Documents/TempDisk/FloodTevereMaxEnt/layers/tev_topoindex500m.asc
Reading samples from floods.csv
Read samples: max memory 1908932608, total allocated 140509184, free 94148664, used 46360520, increment -69222416
Extractor: max memory 1908932608, total allocated 140509184, free 87690352, used 52818832, increment 6458312
Extracting random background and sample data
Warning: Sample at 297381.35259455, 4685748.7961362 in floods.csv is missing some environmental data (e.g. tev_landuse500m1)
Warning: Skipping sample at 297381.35259455, 4685748.7961362
Warning: Sample at 298381.35259455, 4685248.7961362 in floods.csv is missing some environmental data (e.g. tev_landuse500m1)
Warning: Skipping sample at 298381.35259455, 4685248.7961362
Warning: Sample at 299881.35259455, 4683748.7961362 in floods.csv is missing some environmental data (e.g. tev_landuse500m1)
Warning: Skipping sample at 299881.35259455, 4683748.7961362
Warning: Sample at 300881.35259455, 4683748.7961362 in floods.csv is missing some environmental data (e.g. tev_landuse500m1)
Warning: Skipping sample at 300881.35259455, 4683748.7961362
Warning: Sample at 302881.35259455, 4674248.7961362 in floods.csv is missing some environmental data (e.g. tev_landuse500m1)
Warning: Skipping sample at 302881.35259455, 4674248.7961362
Warning: Sample at 293881.35259455, 4652248.7961362 in floods.csv is missing some environmental data (e.g. tev_landuse500m1)
Warning: Skipping sample at 293881.35259455, 4652248.7961362
Warning: Sample at 289381.35259455, 4635748.7961362 in floods.csv is missing some environmental data (e.g. tev_landuse500m1)
Warning: Skipping sample at 289381.35259455, 4635748.7961362
86371 points with values for all grids
Adding samples to background in feature space
Command line used: 
Command line to repeat: java density.MaxEnt nowarnings noprefixes responsecurves jackknife outputdirectory=/Users/matteo/Documents/TempDisk/FloodTevereMaxEnt/PARETOsolutionLogistic samplesfile=/Users/matteo/Documents/TempDisk/FloodTevereMaxEnt/samples/floods.csv environmentallayers=/Users/matteo/Documents/TempDisk/FloodTevereMaxEnt/layers randomseed writebackgroundpredictions responsecurvesexponent addallsamplestobackground writeplotdata fadebyclamping appendtoresultsfile -N tev_controlstruct500m -N tev_controlstruct500m1 -N tev_flooded500m -N tev_flooded500m1 -N tev_landuse500m
Species: flood
Layers: tev_acc500m tev_dem500m tev_dir500m tev_landuse500m1 tev_topoindex500m
Layertypes: Continuous Continuous Continuous Continuous Continuous
responsecurves: true
jackknife: true
outputdirectory: /Users/matteo/Documents/TempDisk/FloodTevereMaxEnt/PARETOsolutionLogistic
samplesfile: /Users/matteo/Documents/TempDisk/FloodTevereMaxEnt/samples/floods.csv
environmentallayers: /Users/matteo/Documents/TempDisk/FloodTevereMaxEnt/layers
randomseed: true
writebackgroundpredictions: true
responsecurvesexponent: true
addallsamplestobackground: true
writeplotdata: true
fadebyclamping: true
appendtoresultsfile: true

getSamples: max memory 1908932608, total allocated 140509184, free 79793816, used 60715368, increment 7896536
Time since start: 1.331
Making features
makeFeatures: max memory 1908932608, total allocated 140509184, free 73355312, used 67153872, increment 6438504
flood: 
Regularization values: linear/quadratic/product: 0.050, categorical: 0.250, threshold: 1.000, hinge: 0.500
1718 samples
Density: max memory 1908932608, total allocated 140509184, free 63919568, used 76589616, increment 9435744
linearPredictor: max memory 1908932608, total allocated 140509184, free 63825808, used 76683376, increment 93760
FeaturedSpace: max memory 1908932608, total allocated 140509184, free 63825808, used 76683376, increment 0
Sequential: max memory 1908932608, total allocated 140509184, free 63825808, used 76683376, increment 0
Initial loss: 9.368881400104733
Time since start: 9.334
500: time = 7.750000 loss = 8.239928
Resulting gain: 1.1289532278596326
Projecting...
Writing file /Users/matteo/Documents/TempDisk/FloodTevereMaxEnt/PARETOsolutionLogistic/flood.asc
Time since start: 10.862
Writing /Users/matteo/Documents/TempDisk/FloodTevereMaxEnt/PARETOsolutionLogistic/plots/flood.png
flood response curves
Response curve: only tev_acc500m
Making features
makeFeatures: max memory 1908932608, total allocated 316669952, free 118504448, used 198165504, increment 121482128
flood tev_acc500m: 
Regularization values: linear/quadratic/product: 0.050, categorical: 0.250, threshold: 1.000, hinge: 0.500
1718 samples
Density: max memory 1908932608, total allocated 316669952, free 113626096, used 203043856, increment 4878352
linearPredictor: max memory 1908932608, total allocated 316669952, free 113626096, used 203043856, increment 0
FeaturedSpace: max memory 1908932608, total allocated 316669952, free 113626096, used 203043856, increment 0
Sequential: max memory 1908932608, total allocated 316669952, free 113626096, used 203043856, increment 0
Initial loss: 9.368881400104733
Time since start: 14.198
440: time = 2.521000 loss = 8.920754
Resulting gain: 0.4481277092686682
flood response curves
Response curve: only tev_dem500m
Making features
makeFeatures: max memory 1908932608, total allocated 316669952, free 179410920, used 137259032, increment -65784824
flood tev_dem500m: 
Regularization values: linear/quadratic/product: 0.050, categorical: 0.250, threshold: 1.000, hinge: 0.500
1718 samples
Density: max memory 1908932608, total allocated 316669952, free 179410920, used 137259032, increment 0
linearPredictor: max memory 1908932608, total allocated 316669952, free 179410920, used 137259032, increment 0
FeaturedSpace: max memory 1908932608, total allocated 316669952, free 179410920, used 137259032, increment 0
Sequential: max memory 1908932608, total allocated 316669952, free 179410920, used 137259032, increment 0
Initial loss: 9.368881400104733
Time since start: 15.44
420: time = 1.155000 loss = 8.537265
Resulting gain: 0.83161615679969
flood response curves
Response curve: only tev_dir500m
Making features
makeFeatures: max memory 1908932608, total allocated 355991552, free 266855968, used 89135584, increment -48123448
flood tev_dir500m: 
Regularization values: linear/quadratic/product: 0.050, categorical: 0.250, threshold: 1.000, hinge: 0.500
1718 samples
Density: max memory 1908932608, total allocated 355991552, free 266855968, used 89135584, increment 0
linearPredictor: max memory 1908932608, total allocated 355991552, free 266855968, used 89135584, increment 0
FeaturedSpace: max memory 1908932608, total allocated 355991552, free 266855968, used 89135584, increment 0
Sequential: max memory 1908932608, total allocated 355991552, free 266855968, used 89135584, increment 0
Initial loss: 9.368881400104733
160: time = 0.625000 loss = 9.299668
Resulting gain: 0.06921337323777799
flood response curves
Response curve: only tev_landuse500m1
Making features
makeFeatures: max memory 1908932608, total allocated 355991552, free 257923888, used 98067664, increment 8932080
flood tev_landuse500m1: 
Regularization values: linear/quadratic/product: 0.050, categorical: 0.250, threshold: 1.000, hinge: 0.500
1718 samples
Density: max memory 1908932608, total allocated 355991552, free 257923888, used 98067664, increment 0
linearPredictor: max memory 1908932608, total allocated 355991552, free 257923888, used 98067664, increment 0
FeaturedSpace: max memory 1908932608, total allocated 355991552, free 257923888, used 98067664, increment 0
Sequential: max memory 1908932608, total allocated 355991552, free 257923888, used 98067664, increment 0
Initial loss: 9.368881400104733
Time since start: 17.388
480: time = 1.043000 loss = 8.815219
Resulting gain: 0.5536623898535478
flood response curves
Response curve: only tev_topoindex500m
Making features
makeFeatures: max memory 1908932608, total allocated 355991552, free 232460160, used 123531392, increment 25463728
flood tev_topoindex500m: 
Regularization values: linear/quadratic/product: 0.050, categorical: 0.250, threshold: 1.000, hinge: 0.500
1718 samples
Density: max memory 1908932608, total allocated 355991552, free 232460160, used 123531392, increment 0
linearPredictor: max memory 1908932608, total allocated 355991552, free 232460160, used 123531392, increment 0
FeaturedSpace: max memory 1908932608, total allocated 355991552, free 232460160, used 123531392, increment 0
Sequential: max memory 1908932608, total allocated 355991552, free 232460160, used 123531392, increment 0
Initial loss: 9.368881400104733
Time since start: 22.421
440: time = 4.932000 loss = 8.615561
Resulting gain: 0.7533205512101144
flood response curves
Jackknife: leave tev_acc500m out
Making features
makeFeatures: max memory 1908932608, total allocated 367001600, free 257624608, used 109376992, increment -14154400
flood tev_acc500m: 
Regularization values: linear/quadratic/product: 0.050, categorical: 0.250, threshold: 1.000, hinge: 0.500
1718 samples
Density: max memory 1908932608, total allocated 367001600, free 251707128, used 115294472, increment 5917480
linearPredictor: max memory 1908932608, total allocated 367001600, free 251707128, used 115294472, increment 0
FeaturedSpace: max memory 1908932608, total allocated 367001600, free 251707128, used 115294472, increment 0
Sequential: max memory 1908932608, total allocated 367001600, free 251707128, used 115294472, increment 0
Initial loss: 9.368881400104733
Time since start: 28.75
500: time = 5.599000 loss = 8.257585
Jackknife: leave tev_dem500m out
Making features
makeFeatures: max memory 1908932608, total allocated 299892736, free 155532280, used 144360456, increment 29065984
flood tev_dem500m: 
Regularization values: linear/quadratic/product: 0.050, categorical: 0.250, threshold: 1.000, hinge: 0.500
1718 samples
Density: max memory 1908932608, total allocated 299892736, free 146844832, used 153047904, increment 8687448
linearPredictor: max memory 1908932608, total allocated 299892736, free 146844832, used 153047904, increment 0
FeaturedSpace: max memory 1908932608, total allocated 299892736, free 146844832, used 153047904, increment 0
Sequential: max memory 1908932608, total allocated 299892736, free 146844832, used 153047904, increment 0
Initial loss: 9.368881400104733
Time since start: 34.98
500: time = 6.114000 loss = 8.414041
Jackknife: leave tev_dir500m out
Making features
makeFeatures: max memory 1908932608, total allocated 228589568, free 53868176, used 174721392, increment 21673488
flood tev_dir500m: 
Regularization values: linear/quadratic/product: 0.050, categorical: 0.250, threshold: 1.000, hinge: 0.500
1718 samples
Density: max memory 1908932608, total allocated 228589568, free 44974144, used 183615424, increment 8894032
linearPredictor: max memory 1908932608, total allocated 228589568, free 44974144, used 183615424, increment 0
FeaturedSpace: max memory 1908932608, total allocated 228589568, free 44974144, used 183615424, increment 0
Sequential: max memory 1908932608, total allocated 228589568, free 44974144, used 183615424, increment 0
Initial loss: 9.368881400104733
Time since start: 41.491
500: time = 6.319000 loss = 8.246819
Jackknife: leave tev_landuse500m1 out
Making features
makeFeatures: max memory 1908932608, total allocated 155713536, free 116745792, used 38967744, increment -144647680
flood tev_landuse500m1: 
Regularization values: linear/quadratic/product: 0.050, categorical: 0.250, threshold: 1.000, hinge: 0.500
1718 samples
Density: max memory 1908932608, total allocated 155713536, free 109071264, used 46642272, increment 7674528
linearPredictor: max memory 1908932608, total allocated 155713536, free 109071264, used 46642272, increment 0
FeaturedSpace: max memory 1908932608, total allocated 155713536, free 109071264, used 46642272, increment 0
Sequential: max memory 1908932608, total allocated 155713536, free 109071264, used 46642272, increment 0
Initial loss: 9.368881400104733
Time since start: 47.827
500: time = 6.196000 loss = 8.306825
Jackknife: leave tev_topoindex500m out
Making features
makeFeatures: max memory 1908932608, total allocated 156237824, free 89303520, used 66934304, increment 20292032
flood tev_topoindex500m: 
Regularization values: linear/quadratic/product: 0.050, categorical: 0.250, threshold: 1.000, hinge: 0.500
1718 samples
Density: max memory 1908932608, total allocated 156237824, free 82925816, used 73312008, increment 6377704
linearPredictor: max memory 1908932608, total allocated 156237824, free 82925816, used 73312008, increment 0
FeaturedSpace: max memory 1908932608, total allocated 156237824, free 82925816, used 73312008, increment 0
Sequential: max memory 1908932608, total allocated 156237824, free 82925816, used 73312008, increment 0
Initial loss: 9.368881400104733
Time since start: 50.302
500: time = 2.374000 loss = 8.277739
Jackknife: only tev_acc500m
Making features
makeFeatures: max memory 1908932608, total allocated 162529280, free 29895776, used 132633504, increment 59321496
flood tev_acc500m: 
Regularization values: linear/quadratic/product: 0.050, categorical: 0.250, threshold: 1.000, hinge: 0.500
1718 samples
Density: max memory 1908932608, total allocated 162529280, free 28255880, used 134273400, increment 1639896
linearPredictor: max memory 1908932608, total allocated 162529280, free 28255880, used 134273400, increment 0
FeaturedSpace: max memory 1908932608, total allocated 162529280, free 28255880, used 134273400, increment 0
Sequential: max memory 1908932608, total allocated 162529280, free 28255880, used 134273400, increment 0
Initial loss: 9.368881400104733
Time since start: 51.994
440: time = 1.649000 loss = 8.920754
Res.gain: 0.4481277092686682
Jackknife: only tev_dem500m
Making features
makeFeatures: max memory 1908932608, total allocated 158859264, free 24604464, used 134254800, increment -18600
flood tev_dem500m: 
Regularization values: linear/quadratic/product: 0.050, categorical: 0.250, threshold: 1.000, hinge: 0.500
1718 samples
Density: max memory 1908932608, total allocated 158859264, free 21599520, used 137259744, increment 3004944
linearPredictor: max memory 1908932608, total allocated 158859264, free 21599520, used 137259744, increment 0
FeaturedSpace: max memory 1908932608, total allocated 158859264, free 21599520, used 137259744, increment 0
Sequential: max memory 1908932608, total allocated 158859264, free 21599520, used 137259744, increment 0
Initial loss: 9.368881400104733
Time since start: 53.257
420: time = 1.186000 loss = 8.537265
Res.gain: 0.83161615679969
Jackknife: only tev_dir500m
Making features
makeFeatures: max memory 1908932608, total allocated 147324928, free 99679288, used 47645640, increment -89614104
flood tev_dir500m: 
Regularization values: linear/quadratic/product: 0.050, categorical: 0.250, threshold: 1.000, hinge: 0.500
1718 samples
Density: max memory 1908932608, total allocated 147324928, free 98158320, used 49166608, increment 1520968
linearPredictor: max memory 1908932608, total allocated 147324928, free 98158320, used 49166608, increment 0
FeaturedSpace: max memory 1908932608, total allocated 147324928, free 98156224, used 49168704, increment 2096
Sequential: max memory 1908932608, total allocated 147324928, free 98156224, used 49168704, increment 0
Initial loss: 9.368881400104733
160: time = 0.428000 loss = 9.299668
Res.gain: 0.06921337323777799
Jackknife: only tev_landuse500m1
Making features
makeFeatures: max memory 1908932608, total allocated 147324928, free 94696776, used 52628152, increment 3459448
flood tev_landuse500m1: 
Regularization values: linear/quadratic/product: 0.050, categorical: 0.250, threshold: 1.000, hinge: 0.500
1718 samples
Density: max memory 1908932608, total allocated 147324928, free 91808960, used 55515968, increment 2887816
linearPredictor: max memory 1908932608, total allocated 147324928, free 91808960, used 55515968, increment 0
FeaturedSpace: max memory 1908932608, total allocated 147324928, free 91808960, used 55515968, increment 0
Sequential: max memory 1908932608, total allocated 147324928, free 91808960, used 55515968, increment 0
Initial loss: 9.368881400104733
Time since start: 54.54
480: time = 0.808000 loss = 8.815219
Res.gain: 0.5536623898535478
Jackknife: only tev_topoindex500m
Making features
makeFeatures: max memory 1908932608, total allocated 147324928, free 74216056, used 73108872, increment 17592904
flood tev_topoindex500m: 
Regularization values: linear/quadratic/product: 0.050, categorical: 0.250, threshold: 1.000, hinge: 0.500
1718 samples
Density: max memory 1908932608, total allocated 147324928, free 70934928, used 76390000, increment 3281128
linearPredictor: max memory 1908932608, total allocated 147324928, free 70934928, used 76390000, increment 0
FeaturedSpace: max memory 1908932608, total allocated 147324928, free 70934928, used 76390000, increment 0
Sequential: max memory 1908932608, total allocated 147324928, free 70934928, used 76390000, increment 0
Initial loss: 9.368881400104733
Time since start: 58.965
440: time = 4.385000 loss = 8.615561
Res.gain: 0.7533205512101144
Ending
